[2021-08-10 22:16:05] [收录推送] 普通收录，推送url：
[2021-08-10 22:16:05] [收录推送] https://blog.shiyuchan.cn/413.html
[2021-08-10 22:16:06] [收录推送] 推送结果【success】
[2021-08-10 22:34:04] [定时任务] 开始执行百度推送插件定时任务
[2021-08-10 22:34:04] [定时任务] 百度推送插件定时任务执行完毕
[2021-08-10 23:03:24] [收录概况] 手动更新
[2021-08-10 23:03:24] [收录概况] 查询百度收录概况-“收录总数”
[2021-08-10 23:03:24] [收录概况] https://www.baidu.com/s?wd=site%3Ablog.shiyuchan.cn
[2021-08-10 23:03:25] [收录概况] 请求返回【没有找到数据】
[2021-08-10 23:53:52] [定时任务] 开始执行百度推送插件定时任务
[2021-08-10 23:53:52] [收录概况] 查询百度收录概况-“收录总数”
[2021-08-10 23:53:52] [收录概况] https://www.baidu.com/s?wd=site%3Ablog.shiyuchan.cn
[2021-08-10 23:53:52] [收录概况] 请求返回【没有找到数据】
[2021-08-10 23:53:52] [定时任务] 百度推送插件定时任务执行完毕
[2021-08-11 00:34:04] [定时任务] 开始执行百度推送插件定时任务
[2021-08-11 00:34:04] [收录概况] 查询百度收录概况-“收录总数”
[2021-08-11 00:34:04] [收录概况] https://www.baidu.com/s?wd=site%3Ablog.shiyuchan.cn
[2021-08-11 00:34:04] [收录概况] 请求返回【没有找到数据】
[2021-08-11 00:34:04] [定时任务] 百度推送插件定时任务执行完毕
[2021-08-11 01:51:36] [定时任务] 开始执行百度推送插件定时任务
[2021-08-11 01:51:36] [定时任务] 百度推送插件定时任务执行完毕
[2021-08-11 03:32:25] [定时任务] 开始执行百度推送插件定时任务
[2021-08-11 03:32:25] [定时任务] 百度推送插件定时任务执行完毕
[2021-08-11 03:54:46] [定时任务] 开始执行百度推送插件定时任务
[2021-08-11 03:54:46] [定时任务] 百度推送插件定时任务执行完毕
[2021-08-11 04:38:43] [定时任务] 开始执行百度推送插件定时任务
[2021-08-11 04:38:43] [定时任务] 百度推送插件定时任务执行完毕
[2021-08-11 05:53:04] [定时任务] 开始执行百度推送插件定时任务
[2021-08-11 05:53:04] [定时任务] 百度推送插件定时任务执行完毕
[2021-08-11 06:35:00] [定时任务] 开始执行百度推送插件定时任务
[2021-08-11 06:35:00] [收录概况] 查询百度收录概况-“收录总数”
[2021-08-11 06:35:00] [收录概况] https://www.baidu.com/s?wd=site%3Ablog.shiyuchan.cn
[2021-08-11 06:35:01] [收录概况] 请求返回【没有找到数据】
[2021-08-11 06:35:01] [定时任务] 百度推送插件定时任务执行完毕
[2021-08-11 08:59:13] [定时任务] 开始执行百度推送插件定时任务
[2021-08-11 08:59:13] [定时任务] 百度推送插件定时任务执行完毕
[2021-08-11 09:40:16] [定时任务] 开始执行百度推送插件定时任务
[2021-08-11 09:40:16] [定时任务] 百度推送插件定时任务执行完毕
[2021-08-11 10:34:30] [定时任务] 开始执行百度推送插件定时任务
[2021-08-11 10:34:30] [定时任务] 百度推送插件定时任务执行完毕
[2021-08-11 11:49:55] [定时任务] 开始执行百度推送插件定时任务
[2021-08-11 11:49:55] [定时任务] 百度推送插件定时任务执行完毕
[2021-08-11 12:34:13] [定时任务] 开始执行百度推送插件定时任务
[2021-08-11 12:34:13] [收录概况] 查询百度收录概况-“收录总数”
[2021-08-11 12:34:13] [收录概况] https://www.baidu.com/s?wd=site%3Ablog.shiyuchan.cn
[2021-08-11 12:34:14] [收录概况] 请求返回【没有找到数据】
[2021-08-11 12:34:14] [定时任务] 百度推送插件定时任务执行完毕
[2021-08-11 13:34:25] [定时任务] 开始执行百度推送插件定时任务
[2021-08-11 13:34:25] [定时任务] 百度推送插件定时任务执行完毕
[2021-08-11 14:34:28] [定时任务] 开始执行百度推送插件定时任务
[2021-08-11 14:34:28] [定时任务] 百度推送插件定时任务执行完毕
[2021-08-11 15:45:00] [定时任务] 开始执行百度推送插件定时任务
[2021-08-11 15:45:00] [定时任务] 百度推送插件定时任务执行完毕
[2021-08-11 17:04:43] [定时任务] 开始执行百度推送插件定时任务
[2021-08-11 17:04:43] [定时任务] 百度推送插件定时任务执行完毕
[2021-08-11 17:36:14] [定时任务] 开始执行百度推送插件定时任务
[2021-08-11 17:36:14] [定时任务] 百度推送插件定时任务执行完毕
[2021-08-11 18:34:48] [定时任务] 开始执行百度推送插件定时任务
[2021-08-11 18:34:48] [收录概况] 查询百度收录概况-“收录总数”
[2021-08-11 18:34:48] [收录概况] https://www.baidu.com/s?wd=site%3Ablog.shiyuchan.cn
[2021-08-11 18:34:49] [收录概况] 请求错误，无法绕过【百度安全验证】
[2021-08-11 18:34:49] [定时任务] 百度推送插件定时任务执行完毕
[2021-08-11 20:50:59] [定时任务] 开始执行百度推送插件定时任务
[2021-08-11 20:50:59] [定时任务] 百度推送插件定时任务执行完毕
[2021-08-11 21:41:58] [定时任务] 开始执行百度推送插件定时任务
[2021-08-11 21:41:58] [定时任务] 百度推送插件定时任务执行完毕
[2021-08-11 22:35:37] [定时任务] 开始执行百度推送插件定时任务
[2021-08-11 22:35:37] [定时任务] 百度推送插件定时任务执行完毕
[2021-08-12 00:10:23] [定时任务] 开始执行百度推送插件定时任务
[2021-08-12 00:10:23] [收录概况] 查询百度收录概况-“收录总数”
[2021-08-12 00:10:23] [收录概况] https://www.baidu.com/s?wd=site%3Ablog.shiyuchan.cn
[2021-08-12 00:10:24] [收录概况] 请求返回【没有找到数据】
[2021-08-12 00:10:24] [定时任务] 百度推送插件定时任务执行完毕
[2021-08-12 00:48:07] [定时任务] 开始执行百度推送插件定时任务
[2021-08-12 00:48:07] [收录概况] 查询百度收录概况-“收录总数”
[2021-08-12 00:48:07] [收录概况] https://www.baidu.com/s?wd=site%3Ablog.shiyuchan.cn
[2021-08-12 00:48:07] [收录概况] 请求返回【没有找到数据】
[2021-08-12 00:48:07] [定时任务] 百度推送插件定时任务执行完毕
[2021-08-12 01:34:27] [定时任务] 开始执行百度推送插件定时任务
[2021-08-12 01:34:27] [定时任务] 百度推送插件定时任务执行完毕
[2021-08-12 02:38:38] [定时任务] 开始执行百度推送插件定时任务
[2021-08-12 02:38:38] [定时任务] 百度推送插件定时任务执行完毕
[2021-08-12 04:41:26] [定时任务] 开始执行百度推送插件定时任务
[2021-08-12 04:41:26] [定时任务] 百度推送插件定时任务执行完毕
[2021-08-12 05:55:18] [定时任务] 开始执行百度推送插件定时任务
[2021-08-12 05:55:18] [定时任务] 百度推送插件定时任务执行完毕
[2021-08-12 06:46:17] [定时任务] 开始执行百度推送插件定时任务
[2021-08-12 06:46:17] [收录概况] 查询百度收录概况-“收录总数”
[2021-08-12 06:46:17] [收录概况] https://www.baidu.com/s?wd=site%3Ablog.shiyuchan.cn
[2021-08-12 06:46:18] [收录概况] 请求返回【没有找到数据】
[2021-08-12 06:46:18] [定时任务] 百度推送插件定时任务执行完毕
[2021-08-12 07:42:56] [定时任务] 开始执行百度推送插件定时任务
[2021-08-12 07:42:56] [定时任务] 百度推送插件定时任务执行完毕
[2021-08-12 08:34:02] [定时任务] 开始执行百度推送插件定时任务
[2021-08-12 08:34:02] [定时任务] 百度推送插件定时任务执行完毕
[2021-08-12 09:36:47] [定时任务] 开始执行百度推送插件定时任务
[2021-08-12 09:36:47] [定时任务] 百度推送插件定时任务执行完毕
[2021-08-12 10:34:26] [定时任务] 开始执行百度推送插件定时任务
[2021-08-12 10:34:26] [定时任务] 百度推送插件定时任务执行完毕
[2021-08-12 10:56:40] [收录推送] 普通收录，推送url：
[2021-08-12 10:56:40] [收录推送] https://blog.shiyuchan.cn/479.html/
[2021-08-12 10:56:41] [收录推送] 推送结果【success】
[2021-08-12 11:35:10] [定时任务] 开始执行百度推送插件定时任务
[2021-08-12 11:35:10] [定时任务] 百度推送插件定时任务执行完毕
[2021-08-12 12:34:44] [定时任务] 开始执行百度推送插件定时任务
[2021-08-12 12:34:44] [收录概况] 查询百度收录概况-“收录总数”
[2021-08-12 12:34:44] [收录概况] https://www.baidu.com/s?wd=site%3Ablog.shiyuchan.cn
[2021-08-12 12:34:46] [收录概况] 请求返回【没有找到数据】
[2021-08-12 12:34:46] [定时任务] 百度推送插件定时任务执行完毕
[2021-08-12 13:36:34] [定时任务] 开始执行百度推送插件定时任务
[2021-08-12 13:36:34] [定时任务] 百度推送插件定时任务执行完毕
[2021-08-12 14:34:40] [定时任务] 开始执行百度推送插件定时任务
[2021-08-12 14:34:40] [定时任务] 百度推送插件定时任务执行完毕
[2021-08-12 15:38:17] [定时任务] 开始执行百度推送插件定时任务
[2021-08-12 15:38:17] [定时任务] 百度推送插件定时任务执行完毕
[2021-08-12 16:42:30] [定时任务] 开始执行百度推送插件定时任务
[2021-08-12 16:42:30] [定时任务] 百度推送插件定时任务执行完毕
[2021-08-12 17:38:09] [定时任务] 开始执行百度推送插件定时任务
[2021-08-12 17:38:09] [定时任务] 百度推送插件定时任务执行完毕
[2021-08-12 17:56:34] [收录推送] 普通收录，推送url：
[2021-08-12 17:56:34] [收录推送] https://blog.shiyuchan.cn/495.html/
[2021-08-12 17:56:35] [收录推送] 推送结果【success】
[2021-08-12 18:01:17] [收录概况] 手动更新
[2021-08-12 18:01:17] [收录概况] 查询百度收录概况-“收录总数”
[2021-08-12 18:01:17] [收录概况] https://www.baidu.com/s?wd=site%3Ablog.shiyuchan.cn
[2021-08-12 18:01:17] [收录概况] 请求返回【没有找到数据】
[2021-08-12 18:46:23] [定时任务] 开始执行百度推送插件定时任务
[2021-08-12 18:46:23] [收录概况] 查询百度收录概况-“收录总数”
[2021-08-12 18:46:23] [收录概况] https://www.baidu.com/s?wd=site%3Ablog.shiyuchan.cn
[2021-08-12 18:46:24] [收录概况] 请求返回【没有找到数据】
[2021-08-12 18:46:24] [定时任务] 百度推送插件定时任务执行完毕
[2021-08-12 19:55:31] [定时任务] 开始执行百度推送插件定时任务
[2021-08-12 19:55:31] [定时任务] 百度推送插件定时任务执行完毕
[2021-08-12 20:38:24] [定时任务] 开始执行百度推送插件定时任务
[2021-08-12 20:38:24] [定时任务] 百度推送插件定时任务执行完毕
[2021-08-12 21:45:23] [定时任务] 开始执行百度推送插件定时任务
[2021-08-12 21:45:23] [定时任务] 百度推送插件定时任务执行完毕
[2021-08-12 22:34:11] [定时任务] 开始执行百度推送插件定时任务
[2021-08-12 22:34:11] [定时任务] 百度推送插件定时任务执行完毕
[2021-08-12 23:17:41] [收录概况] 手动更新
[2021-08-12 23:17:41] [收录概况] 查询百度收录概况-“收录总数”
[2021-08-12 23:17:41] [收录概况] https://www.baidu.com/s?wd=site%3Ablog.shiyuchan.cn
[2021-08-12 23:17:41] [收录概况] 请求返回【没有找到数据】
[2021-08-12 23:35:20] [定时任务] 开始执行百度推送插件定时任务
[2021-08-12 23:35:20] [收录概况] 查询百度收录概况-“收录总数”
[2021-08-12 23:35:20] [收录概况] https://www.baidu.com/s?wd=site%3Ablog.shiyuchan.cn
[2021-08-12 23:35:20] [收录概况] 请求返回【没有找到数据】
[2021-08-12 23:35:20] [定时任务] 百度推送插件定时任务执行完毕
[2021-08-13 00:49:18] [定时任务] 开始执行百度推送插件定时任务
[2021-08-13 00:49:18] [收录概况] 查询百度收录概况-“收录总数”
[2021-08-13 00:49:18] [收录概况] https://www.baidu.com/s?wd=site%3Ablog.shiyuchan.cn
[2021-08-13 00:49:18] [收录概况] 请求返回【没有找到数据】
[2021-08-13 00:49:19] [定时任务] 百度推送插件定时任务执行完毕
[2021-08-13 01:50:25] [定时任务] 开始执行百度推送插件定时任务
[2021-08-13 01:50:25] [定时任务] 百度推送插件定时任务执行完毕
[2021-08-13 02:41:35] [定时任务] 开始执行百度推送插件定时任务
[2021-08-13 02:41:35] [定时任务] 百度推送插件定时任务执行完毕
[2021-08-13 03:55:59] [定时任务] 开始执行百度推送插件定时任务
[2021-08-13 03:55:59] [定时任务] 百度推送插件定时任务执行完毕
[2021-08-13 06:13:08] [定时任务] 开始执行百度推送插件定时任务
[2021-08-13 06:13:08] [收录概况] 查询百度收录概况-“收录总数”
[2021-08-13 06:13:08] [收录概况] https://www.baidu.com/s?wd=site%3Ablog.shiyuchan.cn
[2021-08-13 06:13:08] [收录概况] 请求返回【没有找到数据】
[2021-08-13 06:13:08] [定时任务] 百度推送插件定时任务执行完毕
[2021-08-13 06:56:06] [定时任务] 开始执行百度推送插件定时任务
[2021-08-13 06:56:06] [收录概况] 查询百度收录概况-“收录总数”
[2021-08-13 06:56:06] [收录概况] https://www.baidu.com/s?wd=site%3Ablog.shiyuchan.cn
[2021-08-13 06:56:06] [收录概况] 请求返回【没有找到数据】
[2021-08-13 06:56:06] [定时任务] 百度推送插件定时任务执行完毕
[2021-08-13 07:09:26] [收录概况] 手动更新
[2021-08-13 07:09:26] [收录概况] 查询百度收录概况-“收录总数”
[2021-08-13 07:09:26] [收录概况] https://www.baidu.com/s?wd=site%3Ablog.shiyuchan.cn
[2021-08-13 07:09:26] [收录概况] 请求错误，无法绕过【百度安全验证】
[2021-08-13 07:42:10] [定时任务] 开始执行百度推送插件定时任务
[2021-08-13 07:42:10] [定时任务] 百度推送插件定时任务执行完毕
[2021-08-13 08:34:09] [定时任务] 开始执行百度推送插件定时任务
[2021-08-13 08:34:09] [定时任务] 百度推送插件定时任务执行完毕
[2021-08-13 09:42:37] [定时任务] 开始执行百度推送插件定时任务
[2021-08-13 09:42:37] [定时任务] 百度推送插件定时任务执行完毕
[2021-08-13 10:28:07] [收录推送] 普通收录，推送url：
[2021-08-13 10:28:07] [收录推送] https://blog.shiyuchan.cn/518.html/
[2021-08-13 10:28:08] [收录推送] 推送结果【success】
[2021-08-13 10:34:00] [定时任务] 开始执行百度推送插件定时任务
[2021-08-13 10:34:00] [定时任务] 百度推送插件定时任务执行完毕
[2021-08-13 11:34:35] [定时任务] 开始执行百度推送插件定时任务
[2021-08-13 11:34:35] [定时任务] 百度推送插件定时任务执行完毕
[2021-08-13 11:47:24] [收录推送] 普通收录，推送url：
[2021-08-13 11:47:24] [收录推送] https://blog.shiyuchan.cn/537.html/
[2021-08-13 11:47:24] [收录推送] 推送结果【success】
[2021-08-13 12:34:05] [定时任务] 开始执行百度推送插件定时任务
[2021-08-13 12:34:05] [收录概况] 查询百度收录概况-“收录总数”
[2021-08-13 12:34:05] [收录概况] https://www.baidu.com/s?wd=site%3Ablog.shiyuchan.cn
[2021-08-13 12:34:05] [收录概况] 请求返回【没有找到数据】
[2021-08-13 12:34:05] [定时任务] 百度推送插件定时任务执行完毕
[2021-08-13 13:36:52] [定时任务] 开始执行百度推送插件定时任务
[2021-08-13 13:36:52] [定时任务] 百度推送插件定时任务执行完毕
[2021-08-13 14:40:19] [定时任务] 开始执行百度推送插件定时任务
[2021-08-13 14:40:19] [定时任务] 百度推送插件定时任务执行完毕
[2021-08-13 15:20:31] [收录推送] 普通收录，推送url：
[2021-08-13 15:20:31] [收录推送] https://blog.shiyuchan.cn/559.html/
[2021-08-13 15:20:31] [收录推送] 推送结果【success】
[2021-08-13 15:47:25] [定时任务] 开始执行百度推送插件定时任务
[2021-08-13 15:47:25] [定时任务] 百度推送插件定时任务执行完毕
[2021-08-13 16:34:06] [定时任务] 开始执行百度推送插件定时任务
[2021-08-13 16:34:06] [定时任务] 百度推送插件定时任务执行完毕
[2021-08-13 17:35:00] [定时任务] 开始执行百度推送插件定时任务
[2021-08-13 17:35:00] [定时任务] 百度推送插件定时任务执行完毕
[2021-08-13 18:37:01] [定时任务] 开始执行百度推送插件定时任务
[2021-08-13 18:37:01] [收录概况] 查询百度收录概况-“收录总数”
[2021-08-13 18:37:01] [收录概况] https://www.baidu.com/s?wd=site%3Ablog.shiyuchan.cn
[2021-08-13 18:37:02] [收录概况] 请求返回【没有找到数据】
[2021-08-13 18:37:02] [定时任务] 百度推送插件定时任务执行完毕
[2021-08-13 19:38:37] [定时任务] 开始执行百度推送插件定时任务
[2021-08-13 19:38:37] [定时任务] 百度推送插件定时任务执行完毕
[2021-08-13 20:39:28] [定时任务] 开始执行百度推送插件定时任务
[2021-08-13 20:39:28] [定时任务] 百度推送插件定时任务执行完毕
[2021-08-13 21:45:34] [定时任务] 开始执行百度推送插件定时任务
[2021-08-13 21:45:34] [定时任务] 百度推送插件定时任务执行完毕
[2021-08-13 22:34:53] [定时任务] 开始执行百度推送插件定时任务
[2021-08-13 22:34:53] [定时任务] 百度推送插件定时任务执行完毕
[2021-08-14 00:08:10] [定时任务] 开始执行百度推送插件定时任务
[2021-08-14 00:08:10] [收录概况] 查询百度收录概况-“收录总数”
[2021-08-14 00:08:10] [收录概况] https://www.baidu.com/s?wd=site%3Ablog.shiyuchan.cn
[2021-08-14 00:08:13] [收录概况] 请求错误，错误【cURL error 28: Connection timed out after 3000 milliseconds】
[2021-08-14 00:08:13] [定时任务] 百度推送插件定时任务执行完毕
[2021-08-14 00:34:09] [定时任务] 开始执行百度推送插件定时任务
[2021-08-14 00:34:09] [收录概况] 查询百度收录概况-“收录总数”
[2021-08-14 00:34:09] [收录概况] https://www.baidu.com/s?wd=site%3Ablog.shiyuchan.cn
[2021-08-14 00:34:10] [收录概况] 请求返回【没有找到数据】
[2021-08-14 00:34:10] [定时任务] 百度推送插件定时任务执行完毕
[2021-08-14 01:38:11] [定时任务] 开始执行百度推送插件定时任务
[2021-08-14 01:38:11] [定时任务] 百度推送插件定时任务执行完毕
[2021-08-14 02:10:30] [收录推送] 普通收录，推送url：
[2021-08-14 02:10:30] [收录推送] https://blog.shiyuchan.cn/570.html/
[2021-08-14 02:10:31] [收录推送] 推送结果【success】
[2021-08-14 02:14:25] [收录概况] 手动更新
[2021-08-14 02:14:25] [收录概况] 查询百度收录概况-“收录总数”
[2021-08-14 02:14:25] [收录概况] https://www.baidu.com/s?wd=site%3Ablog.shiyuchan.cn
[2021-08-14 02:14:26] [收录概况] 请求返回【没有找到数据】
[2021-08-14 02:38:12] [定时任务] 开始执行百度推送插件定时任务
[2021-08-14 02:38:12] [定时任务] 百度推送插件定时任务执行完毕
[2021-08-14 03:55:17] [定时任务] 开始执行百度推送插件定时任务
[2021-08-14 03:55:17] [定时任务] 百度推送插件定时任务执行完毕
[2021-08-14 05:19:27] [定时任务] 开始执行百度推送插件定时任务
[2021-08-14 05:19:27] [定时任务] 百度推送插件定时任务执行完毕
[2021-08-14 05:34:14] [定时任务] 开始执行百度推送插件定时任务
[2021-08-14 05:34:14] [定时任务] 百度推送插件定时任务执行完毕
[2021-08-14 06:34:47] [定时任务] 开始执行百度推送插件定时任务
[2021-08-14 06:34:47] [收录概况] 查询百度收录概况-“收录总数”
[2021-08-14 06:34:47] [收录概况] https://www.baidu.com/s?wd=site%3Ablog.shiyuchan.cn
[2021-08-14 06:34:47] [收录概况] 请求返回【没有找到数据】
[2021-08-14 06:34:48] [定时任务] 百度推送插件定时任务执行完毕
[2021-08-14 07:44:56] [定时任务] 开始执行百度推送插件定时任务
[2021-08-14 07:44:56] [定时任务] 百度推送插件定时任务执行完毕
[2021-08-14 08:43:48] [定时任务] 开始执行百度推送插件定时任务
[2021-08-14 08:43:48] [定时任务] 百度推送插件定时任务执行完毕
[2021-08-14 09:39:52] [定时任务] 开始执行百度推送插件定时任务
[2021-08-14 09:39:52] [定时任务] 百度推送插件定时任务执行完毕
[2021-08-14 10:43:20] [定时任务] 开始执行百度推送插件定时任务
[2021-08-14 10:43:20] [定时任务] 百度推送插件定时任务执行完毕
[2021-08-14 11:45:08] [定时任务] 开始执行百度推送插件定时任务
[2021-08-14 11:45:08] [定时任务] 百度推送插件定时任务执行完毕
[2021-08-14 12:38:00] [定时任务] 开始执行百度推送插件定时任务
[2021-08-14 12:38:00] [收录概况] 查询百度收录概况-“收录总数”
[2021-08-14 12:38:00] [收录概况] https://www.baidu.com/s?wd=site%3Ablog.shiyuchan.cn
[2021-08-14 12:38:00] [收录概况] 请求返回【没有找到数据】
[2021-08-14 12:38:00] [定时任务] 百度推送插件定时任务执行完毕
[2021-08-14 13:37:51] [定时任务] 开始执行百度推送插件定时任务
[2021-08-14 13:37:51] [定时任务] 百度推送插件定时任务执行完毕
[2021-08-14 14:39:16] [定时任务] 开始执行百度推送插件定时任务
[2021-08-14 14:39:16] [定时任务] 百度推送插件定时任务执行完毕
[2021-08-14 15:34:32] [定时任务] 开始执行百度推送插件定时任务
[2021-08-14 15:34:32] [定时任务] 百度推送插件定时任务执行完毕
[2021-08-14 16:44:57] [定时任务] 开始执行百度推送插件定时任务
[2021-08-14 16:44:57] [定时任务] 百度推送插件定时任务执行完毕
[2021-08-14 17:43:42] [定时任务] 开始执行百度推送插件定时任务
[2021-08-14 17:43:42] [定时任务] 百度推送插件定时任务执行完毕
[2021-08-14 17:43:43] [定时任务] 开始执行百度推送插件定时任务
[2021-08-14 17:43:43] [定时任务] 百度推送插件定时任务执行完毕
[2021-08-14 19:46:12] [定时任务] 开始执行百度推送插件定时任务
[2021-08-14 19:46:12] [定时任务] 百度推送插件定时任务执行完毕
[2021-08-14 19:50:09] [收录推送] 普通收录，推送url：
[2021-08-14 19:50:09] [收录推送] https://blog.shiyuchan.cn/170.html/
[2021-08-14 19:50:09] [收录推送] 推送结果【success】
[2021-08-14 20:36:56] [定时任务] 开始执行百度推送插件定时任务
[2021-08-14 20:36:56] [定时任务] 百度推送插件定时任务执行完毕
[2021-08-14 21:37:27] [定时任务] 开始执行百度推送插件定时任务
[2021-08-14 21:37:27] [定时任务] 百度推送插件定时任务执行完毕
[2021-08-14 22:40:39] [定时任务] 开始执行百度推送插件定时任务
[2021-08-14 22:40:39] [定时任务] 百度推送插件定时任务执行完毕
